<?xml version="1.0" encoding="UTF-8"?>
<testsuite name="com.oms.controller.OrderControllerTest" time="0.631" tests="3" errors="0" skipped="0" failures="3">
  <properties>
[...]
</properties>
  <testcase name="verifyCreate" classname="com.oms.controller.OrderControllerTest" time="0.142">
    <failure message="No value at JSON path &quot;$.orderId&quot;, exception: json can not be null or empty" type="java.lang.AssertionError">java.lang.AssertionError: No value at JSON path "$.orderId", exception: json can not be null or empty
	at org.springframework.test.util.JsonPathExpectationsHelper.evaluateJsonPath(JsonPathExpectationsHelper.java:245)
	at org.springframework.test.util.JsonPathExpectationsHelper.assertExistsAndReturn(JsonPathExpectationsHelper.java:260)
	at org.springframework.test.util.JsonPathExpectationsHelper.exists(JsonPathExpectationsHelper.java:182)
	at org.springframework.test.web.servlet.result.JsonPathResultMatchers$3.match(JsonPathResultMatchers.java:116)
	at org.springframework.test.web.servlet.MockMvc$1.andExpect(MockMvc.java:171)
	at com.oms.controller.OrderControllerTest.verifyCreate(OrderControllerTest.java:69)
</failure>
    <system-out><![CDATA[2018-03-09 04:42:15.529  INFO 4944 --- [           main] o.s.t.c.support.AbstractContextLoader    : Could not detect default resource locations for test class [com.oms.controller.OrderControllerTest]: no resource found for suffixes {-context.xml, Context.groovy}.
2018-03-09 04:42:15.536  INFO 4944 --- [           main] .b.t.c.SpringBootTestContextBootstrapper : Loaded default TestExecutionListener class names from location [META-INF/spring.factories]: [org.springframework.boot.test.mock.mockito.MockitoTestExecutionListener, org.springframework.boot.test.mock.mockito.ResetMocksTestExecutionListener, org.springframework.boot.test.autoconfigure.restdocs.RestDocsTestExecutionListener, org.springframework.boot.test.autoconfigure.web.client.MockRestServiceServerResetTestExecutionListener, org.springframework.boot.test.autoconfigure.web.servlet.MockMvcPrintOnlyOnFailureTestExecutionListener, org.springframework.boot.test.autoconfigure.web.servlet.WebDriverTestExecutionListener, org.springframework.test.context.web.ServletTestExecutionListener, org.springframework.test.context.support.DirtiesContextBeforeModesTestExecutionListener, org.springframework.test.context.support.DependencyInjectionTestExecutionListener, org.springframework.test.context.support.DirtiesContextTestExecutionListener, org.springframework.test.context.transaction.TransactionalTestExecutionListener, org.springframework.test.context.jdbc.SqlScriptsTestExecutionListener]
2018-03-09 04:42:15.538  INFO 4944 --- [           main] .b.t.c.SpringBootTestContextBootstrapper : Using TestExecutionListeners: [org.springframework.test.context.web.ServletTestExecutionListener@27bb4dc5, org.springframework.test.context.support.DirtiesContextBeforeModesTestExecutionListener@464ede1f, org.springframework.boot.test.autoconfigure.SpringBootDependencyInjectionTestExecutionListener@64910b2d, org.springframework.test.context.support.DirtiesContextTestExecutionListener@1247c72e, org.springframework.test.context.transaction.TransactionalTestExecutionListener@6fef75c6, org.springframework.test.context.jdbc.SqlScriptsTestExecutionListener@5f61e002, org.springframework.boot.test.autoconfigure.web.servlet.WebDriverTestExecutionListener@334540a0, org.springframework.boot.test.mock.mockito.ResetMocksTestExecutionListener@1f179f51, org.springframework.boot.test.autoconfigure.restdocs.RestDocsTestExecutionListener@b428830, org.springframework.boot.test.mock.mockito.MockitoTestExecutionListener@5b7308aa, org.springframework.boot.test.autoconfigure.web.servlet.MockMvcPrintOnlyOnFailureTestExecutionListener@42aa1324, org.springframework.boot.test.autoconfigure.web.client.MockRestServiceServerResetTestExecutionListener@6164e137]
2018-03-09 04:42:15.550  INFO 4944 --- [           main] o.s.b.t.m.w.SpringBootMockServletContext : Initializing Spring FrameworkServlet ''
2018-03-09 04:42:15.550  INFO 4944 --- [           main] o.s.t.web.servlet.TestDispatcherServlet  : FrameworkServlet '': initialization started
2018-03-09 04:42:15.576  INFO 4944 --- [           main] o.s.t.web.servlet.TestDispatcherServlet  : FrameworkServlet '': initialization completed in 19 ms
]]></system-out>
  </testcase>
  <testcase name="verifyFindOrderById" classname="com.oms.controller.OrderControllerTest" time="0.459">
    <failure message="No value at JSON path &quot;$.orderId&quot;, exception: No results for path: $[&apos;orderId&apos;]" type="java.lang.AssertionError">java.lang.AssertionError: No value at JSON path "$.orderId", exception: No results for path: $['orderId']
	at org.springframework.test.util.JsonPathExpectationsHelper.evaluateJsonPath(JsonPathExpectationsHelper.java:245)
	at org.springframework.test.util.JsonPathExpectationsHelper.assertExistsAndReturn(JsonPathExpectationsHelper.java:260)
	at org.springframework.test.util.JsonPathExpectationsHelper.exists(JsonPathExpectationsHelper.java:182)
	at org.springframework.test.web.servlet.result.JsonPathResultMatchers$3.match(JsonPathResultMatchers.java:116)
	at org.springframework.test.web.servlet.MockMvc$1.andExpect(MockMvc.java:171)
	at com.oms.controller.OrderControllerTest.verifyFindOrderById(OrderControllerTest.java:54)
</failure>
    <system-out><![CDATA[2018-03-09 04:42:15.860  INFO 4944 --- [           main] o.s.b.t.m.w.SpringBootMockServletContext : Initializing Spring FrameworkServlet ''
2018-03-09 04:42:15.861  INFO 4944 --- [           main] o.s.t.web.servlet.TestDispatcherServlet  : FrameworkServlet '': initialization started
2018-03-09 04:42:15.865  INFO 4944 --- [           main] o.s.t.web.servlet.TestDispatcherServlet  : FrameworkServlet '': initialization completed in 4 ms
2018-03-09 04:42:15.895  INFO 4944 --- [           main] com.oms.controller.OrderController       : Order id to return 3
]]></system-out>
  </testcase>
  <testcase name="verifyMalformedCreate" classname="com.oms.controller.OrderControllerTest" time="0.03">
    <failure message="No value at JSON path &quot;$.errorCode&quot;, exception: json can not be null or empty" type="java.lang.AssertionError">java.lang.AssertionError: No value at JSON path "$.errorCode", exception: json can not be null or empty
	at org.springframework.test.util.JsonPathExpectationsHelper.evaluateJsonPath(JsonPathExpectationsHelper.java:245)
	at org.springframework.test.util.JsonPathExpectationsHelper.assertValue(JsonPathExpectationsHelper.java:99)
	at org.springframework.test.web.servlet.result.JsonPathResultMatchers$2.match(JsonPathResultMatchers.java:99)
	at org.springframework.test.web.servlet.MockMvc$1.andExpect(MockMvc.java:171)
	at com.oms.controller.OrderControllerTest.verifyMalformedCreate(OrderControllerTest.java:83)
</failure>
    <system-out><![CDATA[2018-03-09 04:42:16.314  INFO 4944 --- [           main] o.s.b.t.m.w.SpringBootMockServletContext : Initializing Spring FrameworkServlet ''
2018-03-09 04:42:16.315  INFO 4944 --- [           main] o.s.t.web.servlet.TestDispatcherServlet  : FrameworkServlet '': initialization started
2018-03-09 04:42:16.321  INFO 4944 --- [           main] o.s.t.web.servlet.TestDispatcherServlet  : FrameworkServlet '': initialization completed in 6 ms
]]></system-out>
  </testcase>
</testsuite>